16:09:40.0900 [main] INFO  c.g.G.GreetingAppApplication - Starting GreetingAppApplication using Java 23.0.2 with PID 34201 (/Users/princeraj/Desktop/Capgemini-Training/GreetingApp/target/classes started by princeraj in /Users/princeraj/Desktop/Capgemini-Training/GreetingApp)
16:09:40.0930 [main] INFO  c.g.G.GreetingAppApplication - No active profile set, falling back to 1 default profile: "default"
16:09:40.5450 [main] INFO  o.s.b.w.e.tomcat.TomcatWebServer - Tomcat initialized with port 8080 (http)
16:09:40.5520 [main] INFO  o.a.coyote.http11.Http11NioProtocol - Initializing ProtocolHandler ["http-nio-8080"]
16:09:40.5530 [main] INFO  o.a.catalina.core.StandardService - Starting service [Tomcat]
16:09:40.5530 [main] INFO  o.a.catalina.core.StandardEngine - Starting Servlet engine: [Apache Tomcat/10.1.36]
16:09:40.5750 [main] INFO  o.a.c.c.C.[Tomcat].[localhost].[/] - Initializing Spring embedded WebApplicationContext
16:09:40.5760 [main] INFO  o.s.b.w.s.c.ServletWebServerApplicationContext - Root WebApplicationContext: initialization completed in 439 ms
16:09:40.7330 [main] INFO  o.a.coyote.http11.Http11NioProtocol - Starting ProtocolHandler ["http-nio-8080"]
16:09:40.7420 [main] INFO  o.s.b.w.e.tomcat.TomcatWebServer - Tomcat started on port 8080 (http) with context path '/'
16:09:40.7470 [main] INFO  c.g.G.GreetingAppApplication - Started GreetingAppApplication in 0.875 seconds (process running for 1.161)
16:09:57.5890 [http-nio-8080-exec-1] INFO  o.a.c.c.C.[Tomcat].[localhost].[/] - Initializing Spring DispatcherServlet 'dispatcherServlet'
16:09:57.5890 [http-nio-8080-exec-1] INFO  o.s.web.servlet.DispatcherServlet - Initializing Servlet 'dispatcherServlet'
16:09:57.5900 [http-nio-8080-exec-1] INFO  o.s.web.servlet.DispatcherServlet - Completed initialization in 0 ms
16:09:57.6090 [http-nio-8080-exec-1] INFO  c.g.G.controllers.HTTPSControllers - Calling get Method
16:26:12.4180 [SpringApplicationShutdownHook] INFO  o.s.b.w.e.tomcat.GracefulShutdown - Commencing graceful shutdown. Waiting for active requests to complete
16:26:12.4340 [tomcat-shutdown] INFO  o.s.b.w.e.tomcat.GracefulShutdown - Graceful shutdown complete
16:26:14.4420 [main] INFO  c.g.G.GreetingAppApplication - Starting GreetingAppApplication using Java 23.0.2 with PID 34390 (/Users/princeraj/Desktop/Capgemini-Training/GreetingApp/target/classes started by princeraj in /Users/princeraj/Desktop/Capgemini-Training/GreetingApp)
16:26:14.4430 [main] INFO  c.g.G.GreetingAppApplication - No active profile set, falling back to 1 default profile: "default"
16:26:14.9110 [main] INFO  o.s.b.w.e.tomcat.TomcatWebServer - Tomcat initialized with port 8080 (http)
16:26:14.9180 [main] INFO  o.a.coyote.http11.Http11NioProtocol - Initializing ProtocolHandler ["http-nio-8080"]
16:26:14.9190 [main] INFO  o.a.catalina.core.StandardService - Starting service [Tomcat]
16:26:14.9200 [main] INFO  o.a.catalina.core.StandardEngine - Starting Servlet engine: [Apache Tomcat/10.1.36]
16:26:14.9420 [main] INFO  o.a.c.c.C.[Tomcat].[localhost].[/] - Initializing Spring embedded WebApplicationContext
16:26:14.9420 [main] INFO  o.s.b.w.s.c.ServletWebServerApplicationContext - Root WebApplicationContext: initialization completed in 461 ms
16:26:15.0910 [main] INFO  o.a.coyote.http11.Http11NioProtocol - Starting ProtocolHandler ["http-nio-8080"]
16:26:15.1010 [main] INFO  o.s.b.w.e.tomcat.TomcatWebServer - Tomcat started on port 8080 (http) with context path '/'
16:26:15.1050 [main] INFO  c.g.G.GreetingAppApplication - Started GreetingAppApplication in 0.886 seconds (process running for 1.199)
16:26:21.1350 [http-nio-8080-exec-1] INFO  o.a.c.c.C.[Tomcat].[localhost].[/] - Initializing Spring DispatcherServlet 'dispatcherServlet'
16:26:21.1360 [http-nio-8080-exec-1] INFO  o.s.web.servlet.DispatcherServlet - Initializing Servlet 'dispatcherServlet'
16:26:21.1370 [http-nio-8080-exec-1] INFO  o.s.web.servlet.DispatcherServlet - Completed initialization in 1 ms
16:26:21.1580 [http-nio-8080-exec-1] INFO  c.g.G.controllers.HTTPSControllers - Calling get Method
16:26:25.3620 [http-nio-8080-exec-2] INFO  c.g.G.controllers.HTTPSControllers - Calling get Method
16:31:17.9230 [SpringApplicationShutdownHook] INFO  o.s.b.w.e.tomcat.GracefulShutdown - Commencing graceful shutdown. Waiting for active requests to complete
16:31:17.9310 [tomcat-shutdown] INFO  o.s.b.w.e.tomcat.GracefulShutdown - Graceful shutdown complete
16:31:19.5970 [main] INFO  c.g.G.GreetingAppApplication - Starting GreetingAppApplication using Java 23.0.2 with PID 34532 (/Users/princeraj/Desktop/Capgemini-Training/GreetingApp/target/classes started by princeraj in /Users/princeraj/Desktop/Capgemini-Training/GreetingApp)
16:31:19.5990 [main] INFO  c.g.G.GreetingAppApplication - No active profile set, falling back to 1 default profile: "default"
16:31:20.0270 [main] INFO  o.s.b.w.e.tomcat.TomcatWebServer - Tomcat initialized with port 8080 (http)
16:31:20.0340 [main] INFO  o.a.coyote.http11.Http11NioProtocol - Initializing ProtocolHandler ["http-nio-8080"]
16:31:20.0350 [main] INFO  o.a.catalina.core.StandardService - Starting service [Tomcat]
16:31:20.0350 [main] INFO  o.a.catalina.core.StandardEngine - Starting Servlet engine: [Apache Tomcat/10.1.36]
16:31:20.0590 [main] INFO  o.a.c.c.C.[Tomcat].[localhost].[/] - Initializing Spring embedded WebApplicationContext
16:31:20.0590 [main] INFO  o.s.b.w.s.c.ServletWebServerApplicationContext - Root WebApplicationContext: initialization completed in 416 ms
16:31:20.2170 [main] INFO  o.a.coyote.http11.Http11NioProtocol - Starting ProtocolHandler ["http-nio-8080"]
16:31:20.2250 [main] INFO  o.s.b.w.e.tomcat.TomcatWebServer - Tomcat started on port 8080 (http) with context path '/'
16:31:20.2300 [main] INFO  c.g.G.GreetingAppApplication - Started GreetingAppApplication in 0.833 seconds (process running for 1.095)
16:31:37.8040 [http-nio-8080-exec-1] INFO  o.a.c.c.C.[Tomcat].[localhost].[/] - Initializing Spring DispatcherServlet 'dispatcherServlet'
16:31:37.8040 [http-nio-8080-exec-1] INFO  o.s.web.servlet.DispatcherServlet - Initializing Servlet 'dispatcherServlet'
16:31:37.8060 [http-nio-8080-exec-1] INFO  o.s.web.servlet.DispatcherServlet - Completed initialization in 1 ms
16:31:37.8260 [http-nio-8080-exec-1] INFO  c.g.G.controllers.HTTPSControllers - Calling get Method
16:36:44.2550 [SpringApplicationShutdownHook] INFO  o.s.b.w.e.tomcat.GracefulShutdown - Commencing graceful shutdown. Waiting for active requests to complete
16:36:44.2670 [tomcat-shutdown] INFO  o.s.b.w.e.tomcat.GracefulShutdown - Graceful shutdown complete
16:48:16.7600 [main] INFO  c.g.G.GreetingAppApplication - Starting GreetingAppApplication using Java 23.0.2 with PID 34853 (/Users/princeraj/Desktop/Capgemini-Training/GreetingApp/target/classes started by princeraj in /Users/princeraj/Desktop/Capgemini-Training/GreetingApp)
16:48:16.7610 [main] INFO  c.g.G.GreetingAppApplication - No active profile set, falling back to 1 default profile: "default"
16:48:17.2510 [main] INFO  o.s.b.w.e.tomcat.TomcatWebServer - Tomcat initialized with port 8080 (http)
16:48:17.2580 [main] INFO  o.a.coyote.http11.Http11NioProtocol - Initializing ProtocolHandler ["http-nio-8080"]
16:48:17.2600 [main] INFO  o.a.catalina.core.StandardService - Starting service [Tomcat]
16:48:17.2600 [main] INFO  o.a.catalina.core.StandardEngine - Starting Servlet engine: [Apache Tomcat/10.1.36]
16:48:17.2840 [main] INFO  o.a.c.c.C.[Tomcat].[localhost].[/] - Initializing Spring embedded WebApplicationContext
16:48:17.2850 [main] INFO  o.s.b.w.s.c.ServletWebServerApplicationContext - Root WebApplicationContext: initialization completed in 484 ms
16:48:17.4390 [main] INFO  o.a.coyote.http11.Http11NioProtocol - Starting ProtocolHandler ["http-nio-8080"]
16:48:17.4490 [main] INFO  o.s.b.w.e.tomcat.TomcatWebServer - Tomcat started on port 8080 (http) with context path '/'
16:48:17.4540 [main] INFO  c.g.G.GreetingAppApplication - Started GreetingAppApplication in 0.909 seconds (process running for 1.219)
16:48:47.3730 [http-nio-8080-exec-1] INFO  o.a.c.c.C.[Tomcat].[localhost].[/] - Initializing Spring DispatcherServlet 'dispatcherServlet'
16:48:47.3730 [http-nio-8080-exec-1] INFO  o.s.web.servlet.DispatcherServlet - Initializing Servlet 'dispatcherServlet'
16:48:47.3750 [http-nio-8080-exec-1] INFO  o.s.web.servlet.DispatcherServlet - Completed initialization in 2 ms
16:48:47.4040 [http-nio-8080-exec-1] INFO  c.g.G.controllers.HTTPSControllers - Calling get Method
16:48:54.0490 [http-nio-8080-exec-2] INFO  c.g.G.controllers.HTTPSControllers - Calling get Method
16:49:03.9800 [http-nio-8080-exec-3] INFO  c.g.G.controllers.HTTPSControllers - Calling get Method
16:49:12.8680 [http-nio-8080-exec-4] INFO  c.g.G.controllers.HTTPSControllers - Calling get Method
22:47:48.8740 [SpringApplicationShutdownHook] INFO  o.s.b.w.e.tomcat.GracefulShutdown - Commencing graceful shutdown. Waiting for active requests to complete
22:47:50.8950 [tomcat-shutdown] INFO  o.s.b.w.e.tomcat.GracefulShutdown - Graceful shutdown complete
10:14:14.4220 [main] INFO  c.g.G.GreetingAppApplication - Starting GreetingAppApplication using Java 23.0.2 with PID 38097 (/Users/princeraj/Desktop/Capgemini-Training/GreetingApp/target/classes started by princeraj in /Users/princeraj/Desktop/Capgemini-Training/GreetingApp)
10:14:14.4240 [main] INFO  c.g.G.GreetingAppApplication - No active profile set, falling back to 1 default profile: "default"
10:14:14.7280 [main] INFO  o.s.d.r.c.RepositoryConfigurationDelegate - Bootstrapping Spring Data JPA repositories in DEFAULT mode.
10:14:14.7540 [main] INFO  o.s.d.r.c.RepositoryConfigurationDelegate - Finished Spring Data repository scanning in 21 ms. Found 1 JPA repository interface.
10:14:14.9930 [main] INFO  o.s.b.w.e.tomcat.TomcatWebServer - Tomcat initialized with port 8080 (http)
10:14:15.0000 [main] INFO  o.a.coyote.http11.Http11NioProtocol - Initializing ProtocolHandler ["http-nio-8080"]
10:14:15.0020 [main] INFO  o.a.catalina.core.StandardService - Starting service [Tomcat]
10:14:15.0020 [main] INFO  o.a.catalina.core.StandardEngine - Starting Servlet engine: [Apache Tomcat/10.1.36]
10:14:15.0270 [main] INFO  o.a.c.c.C.[Tomcat].[localhost].[/] - Initializing Spring embedded WebApplicationContext
10:14:15.0280 [main] INFO  o.s.b.w.s.c.ServletWebServerApplicationContext - Root WebApplicationContext: initialization completed in 579 ms
10:14:15.0850 [main] INFO  com.zaxxer.hikari.HikariDataSource - HikariPool-1 - Starting...
10:14:15.1700 [main] INFO  com.zaxxer.hikari.pool.HikariPool - HikariPool-1 - Added connection conn0: url=jdbc:h2:mem:561b5192-c9c8-4c89-bcd5-70545906fa68 user=SA
10:14:15.1710 [main] INFO  com.zaxxer.hikari.HikariDataSource - HikariPool-1 - Start completed.
10:14:15.2130 [main] INFO  o.h.jpa.internal.util.LogHelper - HHH000204: Processing PersistenceUnitInfo [name: default]
10:14:15.2440 [main] INFO  org.hibernate.Version - HHH000412: Hibernate ORM core version 6.6.8.Final
10:14:15.2640 [main] INFO  o.h.c.i.RegionFactoryInitiator - HHH000026: Second-level cache disabled
10:14:15.3860 [main] INFO  o.s.o.j.p.SpringPersistenceUnitInfo - No LoadTimeWeaver setup: ignoring JPA class transformer
10:14:15.4230 [main] INFO  o.hibernate.orm.connections.pooling - HHH10001005: Database info:
	Database JDBC URL [Connecting through datasource 'HikariDataSource (HikariPool-1)']
	Database driver: undefined/unknown
	Database version: 2.3.232
	Autocommit mode: undefined/unknown
	Isolation level: undefined/unknown
	Minimum pool size: undefined/unknown
	Maximum pool size: undefined/unknown
10:14:15.7810 [main] INFO  o.h.e.t.j.p.i.JtaPlatformInitiator - HHH000489: No JTA platform available (set 'hibernate.transaction.jta.platform' to enable JTA platform integration)
10:14:15.7920 [main] INFO  o.s.o.j.LocalContainerEntityManagerFactoryBean - Initialized JPA EntityManagerFactory for persistence unit 'default'
10:14:15.9200 [main] WARN  o.s.b.a.o.j.JpaBaseConfiguration$JpaWebConfiguration - spring.jpa.open-in-view is enabled by default. Therefore, database queries may be performed during view rendering. Explicitly configure spring.jpa.open-in-view to disable this warning
10:14:16.0720 [main] INFO  o.a.coyote.http11.Http11NioProtocol - Starting ProtocolHandler ["http-nio-8080"]
10:14:16.0810 [main] INFO  o.s.b.w.e.tomcat.TomcatWebServer - Tomcat started on port 8080 (http) with context path '/'
10:14:16.0860 [main] INFO  c.g.G.GreetingAppApplication - Started GreetingAppApplication in 1.871 seconds (process running for 2.174)
10:15:35.1020 [http-nio-8080-exec-1] INFO  o.a.c.c.C.[Tomcat].[localhost].[/] - Initializing Spring DispatcherServlet 'dispatcherServlet'
10:15:35.1020 [http-nio-8080-exec-1] INFO  o.s.web.servlet.DispatcherServlet - Initializing Servlet 'dispatcherServlet'
10:15:35.1050 [http-nio-8080-exec-1] INFO  o.s.web.servlet.DispatcherServlet - Completed initialization in 2 ms
10:25:17.6830 [HikariPool-1 housekeeper] WARN  com.zaxxer.hikari.pool.HikariPool - HikariPool-1 - Thread starvation or clock leap detected (housekeeper delta=1m32s328ms).
10:52:27.5320 [HikariPool-1 housekeeper] WARN  com.zaxxer.hikari.pool.HikariPool - HikariPool-1 - Thread starvation or clock leap detected (housekeeper delta=14m9s748ms).
10:55:07.4620 [SpringApplicationShutdownHook] INFO  o.s.b.w.e.tomcat.GracefulShutdown - Commencing graceful shutdown. Waiting for active requests to complete
10:55:07.4780 [tomcat-shutdown] INFO  o.s.b.w.e.tomcat.GracefulShutdown - Graceful shutdown complete
10:55:07.4820 [SpringApplicationShutdownHook] INFO  o.s.o.j.LocalContainerEntityManagerFactoryBean - Closing JPA EntityManagerFactory for persistence unit 'default'
10:55:07.4960 [SpringApplicationShutdownHook] INFO  com.zaxxer.hikari.HikariDataSource - HikariPool-1 - Shutdown initiated...
10:55:07.4980 [SpringApplicationShutdownHook] INFO  com.zaxxer.hikari.HikariDataSource - HikariPool-1 - Shutdown completed.
10:55:09.4860 [main] INFO  c.g.G.GreetingAppApplication - Starting GreetingAppApplication using Java 23.0.2 with PID 38406 (/Users/princeraj/Desktop/Capgemini-Training/GreetingApp/target/classes started by princeraj in /Users/princeraj/Desktop/Capgemini-Training/GreetingApp)
10:55:09.4870 [main] INFO  c.g.G.GreetingAppApplication - No active profile set, falling back to 1 default profile: "default"
10:55:09.8270 [main] INFO  o.s.d.r.c.RepositoryConfigurationDelegate - Bootstrapping Spring Data JPA repositories in DEFAULT mode.
10:55:09.8530 [main] INFO  o.s.d.r.c.RepositoryConfigurationDelegate - Finished Spring Data repository scanning in 21 ms. Found 1 JPA repository interface.
10:55:10.0920 [main] INFO  o.s.b.w.e.tomcat.TomcatWebServer - Tomcat initialized with port 8080 (http)
10:55:10.0990 [main] INFO  o.a.coyote.http11.Http11NioProtocol - Initializing ProtocolHandler ["http-nio-8080"]
10:55:10.1010 [main] INFO  o.a.catalina.core.StandardService - Starting service [Tomcat]
10:55:10.1010 [main] INFO  o.a.catalina.core.StandardEngine - Starting Servlet engine: [Apache Tomcat/10.1.36]
10:55:10.1300 [main] INFO  o.a.c.c.C.[Tomcat].[localhost].[/] - Initializing Spring embedded WebApplicationContext
10:55:10.1310 [main] INFO  o.s.b.w.s.c.ServletWebServerApplicationContext - Root WebApplicationContext: initialization completed in 609 ms
10:55:10.1840 [main] INFO  com.zaxxer.hikari.HikariDataSource - HikariPool-1 - Starting...
10:55:10.2700 [main] INFO  com.zaxxer.hikari.pool.HikariPool - HikariPool-1 - Added connection conn0: url=jdbc:h2:mem:71abaf30-2a33-4b2b-b374-02533d016fec user=SA
10:55:10.2710 [main] INFO  com.zaxxer.hikari.HikariDataSource - HikariPool-1 - Start completed.
10:55:10.3090 [main] INFO  o.h.jpa.internal.util.LogHelper - HHH000204: Processing PersistenceUnitInfo [name: default]
10:55:10.3400 [main] INFO  org.hibernate.Version - HHH000412: Hibernate ORM core version 6.6.8.Final
10:55:10.3580 [main] INFO  o.h.c.i.RegionFactoryInitiator - HHH000026: Second-level cache disabled
10:55:10.4900 [main] INFO  o.s.o.j.p.SpringPersistenceUnitInfo - No LoadTimeWeaver setup: ignoring JPA class transformer
10:55:10.5280 [main] INFO  o.hibernate.orm.connections.pooling - HHH10001005: Database info:
	Database JDBC URL [Connecting through datasource 'HikariDataSource (HikariPool-1)']
	Database driver: undefined/unknown
	Database version: 2.3.232
	Autocommit mode: undefined/unknown
	Isolation level: undefined/unknown
	Minimum pool size: undefined/unknown
	Maximum pool size: undefined/unknown
10:55:10.9030 [main] INFO  o.h.e.t.j.p.i.JtaPlatformInitiator - HHH000489: No JTA platform available (set 'hibernate.transaction.jta.platform' to enable JTA platform integration)
10:55:10.9150 [main] INFO  o.s.o.j.LocalContainerEntityManagerFactoryBean - Initialized JPA EntityManagerFactory for persistence unit 'default'
10:55:11.0470 [main] WARN  o.s.b.a.o.j.JpaBaseConfiguration$JpaWebConfiguration - spring.jpa.open-in-view is enabled by default. Therefore, database queries may be performed during view rendering. Explicitly configure spring.jpa.open-in-view to disable this warning
10:55:11.1960 [main] INFO  o.a.coyote.http11.Http11NioProtocol - Starting ProtocolHandler ["http-nio-8080"]
10:55:11.2060 [main] INFO  o.s.b.w.e.tomcat.TomcatWebServer - Tomcat started on port 8080 (http) with context path '/'
10:55:11.2110 [main] INFO  c.g.G.GreetingAppApplication - Started GreetingAppApplication in 1.936 seconds (process running for 2.268)
10:55:16.3680 [SpringApplicationShutdownHook] INFO  o.s.b.w.e.tomcat.GracefulShutdown - Commencing graceful shutdown. Waiting for active requests to complete
10:55:16.3770 [tomcat-shutdown] INFO  o.s.b.w.e.tomcat.GracefulShutdown - Graceful shutdown complete
10:55:16.3810 [SpringApplicationShutdownHook] INFO  o.s.o.j.LocalContainerEntityManagerFactoryBean - Closing JPA EntityManagerFactory for persistence unit 'default'
10:55:16.3830 [SpringApplicationShutdownHook] INFO  com.zaxxer.hikari.HikariDataSource - HikariPool-1 - Shutdown initiated...
10:55:16.3840 [SpringApplicationShutdownHook] INFO  com.zaxxer.hikari.HikariDataSource - HikariPool-1 - Shutdown completed.
11:09:29.5010 [main] INFO  c.g.G.GreetingAppApplication - Starting GreetingAppApplication using Java 23.0.2 with PID 38791 (/Users/princeraj/Desktop/Capgemini-Training/GreetingApp/target/classes started by princeraj in /Users/princeraj/Desktop/Capgemini-Training/GreetingApp)
11:09:29.5030 [main] INFO  c.g.G.GreetingAppApplication - No active profile set, falling back to 1 default profile: "default"
11:09:29.8140 [main] INFO  o.s.d.r.c.RepositoryConfigurationDelegate - Bootstrapping Spring Data JPA repositories in DEFAULT mode.
11:09:29.8420 [main] INFO  o.s.d.r.c.RepositoryConfigurationDelegate - Finished Spring Data repository scanning in 23 ms. Found 1 JPA repository interface.
11:09:30.0840 [main] INFO  o.s.b.w.e.tomcat.TomcatWebServer - Tomcat initialized with port 8080 (http)
11:09:30.0910 [main] INFO  o.a.coyote.http11.Http11NioProtocol - Initializing ProtocolHandler ["http-nio-8080"]
11:09:30.0920 [main] INFO  o.a.catalina.core.StandardService - Starting service [Tomcat]
11:09:30.0930 [main] INFO  o.a.catalina.core.StandardEngine - Starting Servlet engine: [Apache Tomcat/10.1.36]
11:09:30.1210 [main] INFO  o.a.c.c.C.[Tomcat].[localhost].[/] - Initializing Spring embedded WebApplicationContext
11:09:30.1220 [main] INFO  o.s.b.w.s.c.ServletWebServerApplicationContext - Root WebApplicationContext: initialization completed in 594 ms
11:09:30.1750 [main] INFO  com.zaxxer.hikari.HikariDataSource - HikariPool-1 - Starting...
11:09:30.2590 [main] INFO  com.zaxxer.hikari.pool.HikariPool - HikariPool-1 - Added connection conn0: url=jdbc:h2:mem:b2c5618b-32e6-4d8f-9022-b250f3fa6ef4 user=SA
11:09:30.2600 [main] INFO  com.zaxxer.hikari.HikariDataSource - HikariPool-1 - Start completed.
11:09:30.3000 [main] INFO  o.h.jpa.internal.util.LogHelper - HHH000204: Processing PersistenceUnitInfo [name: default]
11:09:30.3380 [main] INFO  org.hibernate.Version - HHH000412: Hibernate ORM core version 6.6.8.Final
11:09:30.3610 [main] INFO  o.h.c.i.RegionFactoryInitiator - HHH000026: Second-level cache disabled
11:09:30.5010 [main] INFO  o.s.o.j.p.SpringPersistenceUnitInfo - No LoadTimeWeaver setup: ignoring JPA class transformer
11:09:30.5460 [main] INFO  o.hibernate.orm.connections.pooling - HHH10001005: Database info:
	Database JDBC URL [Connecting through datasource 'HikariDataSource (HikariPool-1)']
	Database driver: undefined/unknown
	Database version: 2.3.232
	Autocommit mode: undefined/unknown
	Isolation level: undefined/unknown
	Minimum pool size: undefined/unknown
	Maximum pool size: undefined/unknown
11:09:30.9160 [main] INFO  o.h.e.t.j.p.i.JtaPlatformInitiator - HHH000489: No JTA platform available (set 'hibernate.transaction.jta.platform' to enable JTA platform integration)
11:09:30.9270 [main] INFO  o.s.o.j.LocalContainerEntityManagerFactoryBean - Initialized JPA EntityManagerFactory for persistence unit 'default'
11:09:31.0560 [main] WARN  o.s.b.a.o.j.JpaBaseConfiguration$JpaWebConfiguration - spring.jpa.open-in-view is enabled by default. Therefore, database queries may be performed during view rendering. Explicitly configure spring.jpa.open-in-view to disable this warning
11:09:31.2000 [main] INFO  o.a.coyote.http11.Http11NioProtocol - Starting ProtocolHandler ["http-nio-8080"]
11:09:31.2100 [main] INFO  o.s.b.w.e.tomcat.TomcatWebServer - Tomcat started on port 8080 (http) with context path '/'
11:09:31.2150 [main] INFO  c.g.G.GreetingAppApplication - Started GreetingAppApplication in 1.928 seconds (process running for 2.23)
11:10:36.0800 [http-nio-8080-exec-2] INFO  o.a.c.c.C.[Tomcat].[localhost].[/] - Initializing Spring DispatcherServlet 'dispatcherServlet'
11:10:36.0800 [http-nio-8080-exec-2] INFO  o.s.web.servlet.DispatcherServlet - Initializing Servlet 'dispatcherServlet'
11:10:36.0850 [http-nio-8080-exec-2] INFO  o.s.web.servlet.DispatcherServlet - Completed initialization in 5 ms
11:10:36.1520 [http-nio-8080-exec-2] INFO  c.g.G.c.GreetingMessageController - Saving the request for greeting message : null
11:10:36.9290 [http-nio-8080-exec-3] INFO  c.g.G.c.GreetingMessageController - Saving the request for greeting message : null
11:10:37.7880 [http-nio-8080-exec-4] INFO  c.g.G.c.GreetingMessageController - Saving the request for greeting message : null
11:10:41.9170 [http-nio-8080-exec-5] INFO  c.g.G.c.GreetingMessageController - Saving the request for greeting message : null
11:12:21.1420 [http-nio-8080-exec-8] WARN  o.s.w.s.m.s.DefaultHandlerExceptionResolver - Resolved [org.springframework.web.HttpRequestMethodNotSupportedException: Request method 'POST' is not supported]
11:12:30.1070 [http-nio-8080-exec-9] INFO  c.g.G.c.GreetingMessageController - Get the message : 1 
11:12:33.7980 [http-nio-8080-exec-10] INFO  c.g.G.c.GreetingMessageController - Get the message : 4 
11:15:14.8750 [SpringApplicationShutdownHook] INFO  o.s.b.w.e.tomcat.GracefulShutdown - Commencing graceful shutdown. Waiting for active requests to complete
11:15:14.8900 [tomcat-shutdown] INFO  o.s.b.w.e.tomcat.GracefulShutdown - Graceful shutdown complete
11:15:14.8940 [SpringApplicationShutdownHook] INFO  o.s.o.j.LocalContainerEntityManagerFactoryBean - Closing JPA EntityManagerFactory for persistence unit 'default'
11:15:14.9040 [SpringApplicationShutdownHook] INFO  com.zaxxer.hikari.HikariDataSource - HikariPool-1 - Shutdown initiated...
11:15:14.9070 [SpringApplicationShutdownHook] INFO  com.zaxxer.hikari.HikariDataSource - HikariPool-1 - Shutdown completed.
11:28:26.3100 [main] INFO  c.g.G.GreetingAppApplication - Starting GreetingAppApplication using Java 23.0.2 with PID 39217 (/Users/princeraj/Desktop/Capgemini-Training/GreetingApp/target/classes started by princeraj in /Users/princeraj/Desktop/Capgemini-Training/GreetingApp)
11:28:26.3120 [main] INFO  c.g.G.GreetingAppApplication - No active profile set, falling back to 1 default profile: "default"
11:28:26.6550 [main] INFO  o.s.d.r.c.RepositoryConfigurationDelegate - Bootstrapping Spring Data JPA repositories in DEFAULT mode.
11:28:26.6810 [main] INFO  o.s.d.r.c.RepositoryConfigurationDelegate - Finished Spring Data repository scanning in 21 ms. Found 1 JPA repository interface.
11:28:26.9160 [main] INFO  o.s.b.w.e.tomcat.TomcatWebServer - Tomcat initialized with port 8080 (http)
11:28:26.9270 [main] INFO  o.a.coyote.http11.Http11NioProtocol - Initializing ProtocolHandler ["http-nio-8080"]
11:28:26.9290 [main] INFO  o.a.catalina.core.StandardService - Starting service [Tomcat]
11:28:26.9290 [main] INFO  o.a.catalina.core.StandardEngine - Starting Servlet engine: [Apache Tomcat/10.1.36]
11:28:26.9530 [main] INFO  o.a.c.c.C.[Tomcat].[localhost].[/] - Initializing Spring embedded WebApplicationContext
11:28:26.9540 [main] INFO  o.s.b.w.s.c.ServletWebServerApplicationContext - Root WebApplicationContext: initialization completed in 608 ms
11:28:27.0060 [main] INFO  com.zaxxer.hikari.HikariDataSource - HikariPool-1 - Starting...
11:28:27.0850 [main] INFO  com.zaxxer.hikari.pool.HikariPool - HikariPool-1 - Added connection conn0: url=jdbc:h2:mem:aba9fbe7-0898-4a2f-83db-59e6f43e18a3 user=SA
11:28:27.0860 [main] INFO  com.zaxxer.hikari.HikariDataSource - HikariPool-1 - Start completed.
11:28:27.1250 [main] INFO  o.h.jpa.internal.util.LogHelper - HHH000204: Processing PersistenceUnitInfo [name: default]
11:28:27.1550 [main] INFO  org.hibernate.Version - HHH000412: Hibernate ORM core version 6.6.8.Final
11:28:27.1750 [main] INFO  o.h.c.i.RegionFactoryInitiator - HHH000026: Second-level cache disabled
11:28:27.3070 [main] INFO  o.s.o.j.p.SpringPersistenceUnitInfo - No LoadTimeWeaver setup: ignoring JPA class transformer
11:28:27.3510 [main] INFO  o.hibernate.orm.connections.pooling - HHH10001005: Database info:
	Database JDBC URL [Connecting through datasource 'HikariDataSource (HikariPool-1)']
	Database driver: undefined/unknown
	Database version: 2.3.232
	Autocommit mode: undefined/unknown
	Isolation level: undefined/unknown
	Minimum pool size: undefined/unknown
	Maximum pool size: undefined/unknown
11:28:27.7120 [main] INFO  o.h.e.t.j.p.i.JtaPlatformInitiator - HHH000489: No JTA platform available (set 'hibernate.transaction.jta.platform' to enable JTA platform integration)
11:28:27.7230 [main] INFO  o.s.o.j.LocalContainerEntityManagerFactoryBean - Initialized JPA EntityManagerFactory for persistence unit 'default'
11:28:27.8500 [main] WARN  o.s.b.a.o.j.JpaBaseConfiguration$JpaWebConfiguration - spring.jpa.open-in-view is enabled by default. Therefore, database queries may be performed during view rendering. Explicitly configure spring.jpa.open-in-view to disable this warning
11:28:27.9940 [main] INFO  o.a.coyote.http11.Http11NioProtocol - Starting ProtocolHandler ["http-nio-8080"]
11:28:28.0040 [main] INFO  o.s.b.w.e.tomcat.TomcatWebServer - Tomcat started on port 8080 (http) with context path '/'
11:28:28.0090 [main] INFO  c.g.G.GreetingAppApplication - Started GreetingAppApplication in 1.904 seconds (process running for 2.234)
11:30:13.1700 [http-nio-8080-exec-2] INFO  o.a.c.c.C.[Tomcat].[localhost].[/] - Initializing Spring DispatcherServlet 'dispatcherServlet'
11:30:13.1710 [http-nio-8080-exec-2] INFO  o.s.web.servlet.DispatcherServlet - Initializing Servlet 'dispatcherServlet'
11:30:13.1770 [http-nio-8080-exec-2] INFO  o.s.web.servlet.DispatcherServlet - Completed initialization in 6 ms
11:30:13.1990 [http-nio-8080-exec-2] INFO  c.g.G.c.GreetingMessageController - Get the list of all the messages
11:30:19.0540 [http-nio-8080-exec-3] INFO  c.g.G.c.GreetingMessageController - Saving the request for greeting message : null
11:30:27.0580 [http-nio-8080-exec-4] INFO  c.g.G.c.GreetingMessageController - Saving the request for greeting message : null
11:30:32.2550 [http-nio-8080-exec-5] INFO  c.g.G.c.GreetingMessageController - Get the message : 1 
11:30:36.4030 [http-nio-8080-exec-6] INFO  c.g.G.c.GreetingMessageController - Get the list of all the messages
11:31:26.6580 [http-nio-8080-exec-9] WARN  o.s.w.s.m.s.DefaultHandlerExceptionResolver - Resolved [org.springframework.web.bind.MissingPathVariableException: Required URI template variable 'id' for method parameter type Integer is not present]
11:31:38.0530 [SpringApplicationShutdownHook] INFO  o.s.b.w.e.tomcat.GracefulShutdown - Commencing graceful shutdown. Waiting for active requests to complete
11:31:38.0620 [tomcat-shutdown] INFO  o.s.b.w.e.tomcat.GracefulShutdown - Graceful shutdown complete
11:31:38.0650 [SpringApplicationShutdownHook] INFO  o.s.o.j.LocalContainerEntityManagerFactoryBean - Closing JPA EntityManagerFactory for persistence unit 'default'
11:31:38.0700 [SpringApplicationShutdownHook] INFO  com.zaxxer.hikari.HikariDataSource - HikariPool-1 - Shutdown initiated...
11:31:38.0710 [SpringApplicationShutdownHook] INFO  com.zaxxer.hikari.HikariDataSource - HikariPool-1 - Shutdown completed.
11:31:39.5160 [main] INFO  c.g.G.GreetingAppApplication - Starting GreetingAppApplication using Java 23.0.2 with PID 39251 (/Users/princeraj/Desktop/Capgemini-Training/GreetingApp/target/classes started by princeraj in /Users/princeraj/Desktop/Capgemini-Training/GreetingApp)
11:31:39.5180 [main] INFO  c.g.G.GreetingAppApplication - No active profile set, falling back to 1 default profile: "default"
11:31:39.8620 [main] INFO  o.s.d.r.c.RepositoryConfigurationDelegate - Bootstrapping Spring Data JPA repositories in DEFAULT mode.
11:31:39.8880 [main] INFO  o.s.d.r.c.RepositoryConfigurationDelegate - Finished Spring Data repository scanning in 22 ms. Found 1 JPA repository interface.
11:31:40.1320 [main] INFO  o.s.b.w.e.tomcat.TomcatWebServer - Tomcat initialized with port 8080 (http)
11:31:40.1400 [main] INFO  o.a.coyote.http11.Http11NioProtocol - Initializing ProtocolHandler ["http-nio-8080"]
11:31:40.1410 [main] INFO  o.a.catalina.core.StandardService - Starting service [Tomcat]
11:31:40.1420 [main] INFO  o.a.catalina.core.StandardEngine - Starting Servlet engine: [Apache Tomcat/10.1.36]
11:31:40.1690 [main] INFO  o.a.c.c.C.[Tomcat].[localhost].[/] - Initializing Spring embedded WebApplicationContext
11:31:40.1700 [main] INFO  o.s.b.w.s.c.ServletWebServerApplicationContext - Root WebApplicationContext: initialization completed in 616 ms
11:31:40.2200 [main] INFO  com.zaxxer.hikari.HikariDataSource - HikariPool-1 - Starting...
11:31:40.3000 [main] INFO  com.zaxxer.hikari.pool.HikariPool - HikariPool-1 - Added connection conn0: url=jdbc:h2:mem:c10b32ff-a8cd-443f-b704-9ff70aa22a76 user=SA
11:31:40.3000 [main] INFO  com.zaxxer.hikari.HikariDataSource - HikariPool-1 - Start completed.
11:31:40.3400 [main] INFO  o.h.jpa.internal.util.LogHelper - HHH000204: Processing PersistenceUnitInfo [name: default]
11:31:40.3700 [main] INFO  org.hibernate.Version - HHH000412: Hibernate ORM core version 6.6.8.Final
11:31:40.3890 [main] INFO  o.h.c.i.RegionFactoryInitiator - HHH000026: Second-level cache disabled
11:31:40.5250 [main] INFO  o.s.o.j.p.SpringPersistenceUnitInfo - No LoadTimeWeaver setup: ignoring JPA class transformer
11:31:40.5660 [main] INFO  o.hibernate.orm.connections.pooling - HHH10001005: Database info:
	Database JDBC URL [Connecting through datasource 'HikariDataSource (HikariPool-1)']
	Database driver: undefined/unknown
	Database version: 2.3.232
	Autocommit mode: undefined/unknown
	Isolation level: undefined/unknown
	Minimum pool size: undefined/unknown
	Maximum pool size: undefined/unknown
11:31:40.9450 [main] INFO  o.h.e.t.j.p.i.JtaPlatformInitiator - HHH000489: No JTA platform available (set 'hibernate.transaction.jta.platform' to enable JTA platform integration)
11:31:40.9570 [main] INFO  o.s.o.j.LocalContainerEntityManagerFactoryBean - Initialized JPA EntityManagerFactory for persistence unit 'default'
11:31:41.0910 [main] WARN  o.s.b.a.o.j.JpaBaseConfiguration$JpaWebConfiguration - spring.jpa.open-in-view is enabled by default. Therefore, database queries may be performed during view rendering. Explicitly configure spring.jpa.open-in-view to disable this warning
11:31:41.2370 [main] INFO  o.a.coyote.http11.Http11NioProtocol - Starting ProtocolHandler ["http-nio-8080"]
11:31:41.2470 [main] INFO  o.s.b.w.e.tomcat.TomcatWebServer - Tomcat started on port 8080 (http) with context path '/'
11:31:41.2520 [main] INFO  c.g.G.GreetingAppApplication - Started GreetingAppApplication in 1.974 seconds (process running for 2.367)
11:32:02.1500 [http-nio-8080-exec-1] INFO  o.a.c.c.C.[Tomcat].[localhost].[/] - Initializing Spring DispatcherServlet 'dispatcherServlet'
11:32:02.1510 [http-nio-8080-exec-1] INFO  o.s.web.servlet.DispatcherServlet - Initializing Servlet 'dispatcherServlet'
11:32:02.1590 [http-nio-8080-exec-1] INFO  o.s.web.servlet.DispatcherServlet - Completed initialization in 8 ms
11:32:02.2180 [http-nio-8080-exec-1] WARN  o.s.w.s.m.s.DefaultHandlerExceptionResolver - Resolved [org.springframework.web.bind.MissingPathVariableException: Required URI template variable 'id' for method parameter type Integer is not present]
11:32:30.2310 [http-nio-8080-exec-3] WARN  o.s.w.s.m.s.DefaultHandlerExceptionResolver - Resolved [org.springframework.web.bind.MissingPathVariableException: Required URI template variable 'id' for method parameter type Integer is not present]
11:32:35.4230 [SpringApplicationShutdownHook] INFO  o.s.b.w.e.tomcat.GracefulShutdown - Commencing graceful shutdown. Waiting for active requests to complete
11:32:35.4300 [tomcat-shutdown] INFO  o.s.b.w.e.tomcat.GracefulShutdown - Graceful shutdown complete
11:32:35.4330 [SpringApplicationShutdownHook] INFO  o.s.o.j.LocalContainerEntityManagerFactoryBean - Closing JPA EntityManagerFactory for persistence unit 'default'
11:32:35.4380 [SpringApplicationShutdownHook] INFO  com.zaxxer.hikari.HikariDataSource - HikariPool-1 - Shutdown initiated...
11:32:35.4390 [SpringApplicationShutdownHook] INFO  com.zaxxer.hikari.HikariDataSource - HikariPool-1 - Shutdown completed.
11:32:37.5480 [main] INFO  c.g.G.GreetingAppApplication - Starting GreetingAppApplication using Java 23.0.2 with PID 39273 (/Users/princeraj/Desktop/Capgemini-Training/GreetingApp/target/classes started by princeraj in /Users/princeraj/Desktop/Capgemini-Training/GreetingApp)
11:32:37.5500 [main] INFO  c.g.G.GreetingAppApplication - No active profile set, falling back to 1 default profile: "default"
11:32:37.8830 [main] INFO  o.s.d.r.c.RepositoryConfigurationDelegate - Bootstrapping Spring Data JPA repositories in DEFAULT mode.
11:32:37.9110 [main] INFO  o.s.d.r.c.RepositoryConfigurationDelegate - Finished Spring Data repository scanning in 23 ms. Found 1 JPA repository interface.
11:32:38.2800 [main] INFO  o.s.b.w.e.tomcat.TomcatWebServer - Tomcat initialized with port 8080 (http)
11:32:38.2860 [main] INFO  o.a.coyote.http11.Http11NioProtocol - Initializing ProtocolHandler ["http-nio-8080"]
11:32:38.2870 [main] INFO  o.a.catalina.core.StandardService - Starting service [Tomcat]
11:32:38.2870 [main] INFO  o.a.catalina.core.StandardEngine - Starting Servlet engine: [Apache Tomcat/10.1.36]
11:32:38.3150 [main] INFO  o.a.c.c.C.[Tomcat].[localhost].[/] - Initializing Spring embedded WebApplicationContext
11:32:38.3160 [main] INFO  o.s.b.w.s.c.ServletWebServerApplicationContext - Root WebApplicationContext: initialization completed in 730 ms
11:32:38.3660 [main] INFO  com.zaxxer.hikari.HikariDataSource - HikariPool-1 - Starting...
11:32:38.4850 [main] INFO  com.zaxxer.hikari.pool.HikariPool - HikariPool-1 - Added connection conn0: url=jdbc:h2:mem:d2a1410d-001f-4407-b383-08c4655b6507 user=SA
11:32:38.4870 [main] INFO  com.zaxxer.hikari.HikariDataSource - HikariPool-1 - Start completed.
11:32:38.5390 [main] INFO  o.h.jpa.internal.util.LogHelper - HHH000204: Processing PersistenceUnitInfo [name: default]
11:32:38.5650 [main] INFO  org.hibernate.Version - HHH000412: Hibernate ORM core version 6.6.8.Final
11:32:38.5780 [main] INFO  o.h.c.i.RegionFactoryInitiator - HHH000026: Second-level cache disabled
11:32:38.6980 [main] INFO  o.s.o.j.p.SpringPersistenceUnitInfo - No LoadTimeWeaver setup: ignoring JPA class transformer
11:32:38.7390 [main] INFO  o.hibernate.orm.connections.pooling - HHH10001005: Database info:
	Database JDBC URL [Connecting through datasource 'HikariDataSource (HikariPool-1)']
	Database driver: undefined/unknown
	Database version: 2.3.232
	Autocommit mode: undefined/unknown
	Isolation level: undefined/unknown
	Minimum pool size: undefined/unknown
	Maximum pool size: undefined/unknown
11:32:39.1260 [main] INFO  o.h.e.t.j.p.i.JtaPlatformInitiator - HHH000489: No JTA platform available (set 'hibernate.transaction.jta.platform' to enable JTA platform integration)
11:32:39.1390 [main] INFO  o.s.o.j.LocalContainerEntityManagerFactoryBean - Initialized JPA EntityManagerFactory for persistence unit 'default'
11:32:39.2710 [main] WARN  o.s.b.a.o.j.JpaBaseConfiguration$JpaWebConfiguration - spring.jpa.open-in-view is enabled by default. Therefore, database queries may be performed during view rendering. Explicitly configure spring.jpa.open-in-view to disable this warning
11:32:39.4110 [main] INFO  o.a.coyote.http11.Http11NioProtocol - Starting ProtocolHandler ["http-nio-8080"]
11:32:39.4230 [main] INFO  o.s.b.w.e.tomcat.TomcatWebServer - Tomcat started on port 8080 (http) with context path '/'
11:32:39.4280 [main] INFO  c.g.G.GreetingAppApplication - Started GreetingAppApplication in 2.225 seconds (process running for 2.507)
11:32:48.8390 [http-nio-8080-exec-2] INFO  o.a.c.c.C.[Tomcat].[localhost].[/] - Initializing Spring DispatcherServlet 'dispatcherServlet'
11:32:48.8400 [http-nio-8080-exec-2] INFO  o.s.web.servlet.DispatcherServlet - Initializing Servlet 'dispatcherServlet'
11:32:48.8410 [http-nio-8080-exec-2] INFO  o.s.web.servlet.DispatcherServlet - Completed initialization in 1 ms
11:32:48.8610 [http-nio-8080-exec-2] INFO  c.g.G.c.GreetingMessageController - Get the list of all the messages
11:32:53.6670 [http-nio-8080-exec-3] INFO  c.g.G.c.GreetingMessageController - Saving the request for greeting message : null
11:32:58.6000 [http-nio-8080-exec-4] INFO  c.g.G.c.GreetingMessageController - Saving the request for greeting message : null
11:33:00.0940 [http-nio-8080-exec-5] INFO  c.g.G.c.GreetingMessageController - Saving the request for greeting message : null
11:33:02.7020 [http-nio-8080-exec-6] WARN  o.s.w.s.m.s.DefaultHandlerExceptionResolver - Resolved [org.springframework.web.HttpRequestMethodNotSupportedException: Request method 'POST' is not supported]
11:33:09.7460 [http-nio-8080-exec-7] INFO  c.g.G.c.GreetingMessageController - Get the message : 2 
11:33:17.9440 [http-nio-8080-exec-8] INFO  c.g.G.c.GreetingMessageController - Get All messages Only
11:33:22.6180 [http-nio-8080-exec-9] INFO  c.g.G.c.GreetingMessageController - Get the list of all the messages
11:38:38.8830 [SpringApplicationShutdownHook] INFO  o.s.b.w.e.tomcat.GracefulShutdown - Commencing graceful shutdown. Waiting for active requests to complete
11:38:38.9200 [tomcat-shutdown] INFO  o.s.b.w.e.tomcat.GracefulShutdown - Graceful shutdown complete
11:38:38.9250 [SpringApplicationShutdownHook] INFO  o.s.o.j.LocalContainerEntityManagerFactoryBean - Closing JPA EntityManagerFactory for persistence unit 'default'
11:38:38.9350 [SpringApplicationShutdownHook] INFO  com.zaxxer.hikari.HikariDataSource - HikariPool-1 - Shutdown initiated...
11:38:38.9380 [SpringApplicationShutdownHook] INFO  com.zaxxer.hikari.HikariDataSource - HikariPool-1 - Shutdown completed.
11:48:37.0510 [main] INFO  c.g.G.GreetingAppApplication - Starting GreetingAppApplication using Java 23.0.2 with PID 39485 (/Users/princeraj/Desktop/Capgemini-Training/GreetingApp/target/classes started by princeraj in /Users/princeraj/Desktop/Capgemini-Training/GreetingApp)
11:48:37.0520 [main] INFO  c.g.G.GreetingAppApplication - No active profile set, falling back to 1 default profile: "default"
11:48:37.3870 [main] INFO  o.s.d.r.c.RepositoryConfigurationDelegate - Bootstrapping Spring Data JPA repositories in DEFAULT mode.
11:48:37.4120 [main] INFO  o.s.d.r.c.RepositoryConfigurationDelegate - Finished Spring Data repository scanning in 21 ms. Found 1 JPA repository interface.
11:48:37.6500 [main] INFO  o.s.b.w.e.tomcat.TomcatWebServer - Tomcat initialized with port 8080 (http)
11:48:37.6580 [main] INFO  o.a.coyote.http11.Http11NioProtocol - Initializing ProtocolHandler ["http-nio-8080"]
11:48:37.6590 [main] INFO  o.a.catalina.core.StandardService - Starting service [Tomcat]
11:48:37.6600 [main] INFO  o.a.catalina.core.StandardEngine - Starting Servlet engine: [Apache Tomcat/10.1.36]
11:48:37.6940 [main] INFO  o.a.c.c.C.[Tomcat].[localhost].[/] - Initializing Spring embedded WebApplicationContext
11:48:37.6950 [main] INFO  o.s.b.w.s.c.ServletWebServerApplicationContext - Root WebApplicationContext: initialization completed in 612 ms
11:48:37.7470 [main] INFO  com.zaxxer.hikari.HikariDataSource - HikariPool-1 - Starting...
11:48:37.8310 [main] INFO  com.zaxxer.hikari.pool.HikariPool - HikariPool-1 - Added connection conn0: url=jdbc:h2:mem:c12bffae-53f2-4eb1-9c75-7cf621758e99 user=SA
11:48:37.8320 [main] INFO  com.zaxxer.hikari.HikariDataSource - HikariPool-1 - Start completed.
11:48:37.8760 [main] INFO  o.h.jpa.internal.util.LogHelper - HHH000204: Processing PersistenceUnitInfo [name: default]
11:48:37.9070 [main] INFO  org.hibernate.Version - HHH000412: Hibernate ORM core version 6.6.8.Final
11:48:37.9260 [main] INFO  o.h.c.i.RegionFactoryInitiator - HHH000026: Second-level cache disabled
11:48:38.0570 [main] INFO  o.s.o.j.p.SpringPersistenceUnitInfo - No LoadTimeWeaver setup: ignoring JPA class transformer
11:48:38.0980 [main] INFO  o.hibernate.orm.connections.pooling - HHH10001005: Database info:
	Database JDBC URL [Connecting through datasource 'HikariDataSource (HikariPool-1)']
	Database driver: undefined/unknown
	Database version: 2.3.232
	Autocommit mode: undefined/unknown
	Isolation level: undefined/unknown
	Minimum pool size: undefined/unknown
	Maximum pool size: undefined/unknown
11:48:38.4690 [main] INFO  o.h.e.t.j.p.i.JtaPlatformInitiator - HHH000489: No JTA platform available (set 'hibernate.transaction.jta.platform' to enable JTA platform integration)
11:48:38.4810 [main] INFO  o.s.o.j.LocalContainerEntityManagerFactoryBean - Initialized JPA EntityManagerFactory for persistence unit 'default'
11:48:38.6170 [main] WARN  o.s.b.a.o.j.JpaBaseConfiguration$JpaWebConfiguration - spring.jpa.open-in-view is enabled by default. Therefore, database queries may be performed during view rendering. Explicitly configure spring.jpa.open-in-view to disable this warning
11:48:38.7680 [main] INFO  o.a.coyote.http11.Http11NioProtocol - Starting ProtocolHandler ["http-nio-8080"]
11:48:38.7770 [main] INFO  o.s.b.w.e.tomcat.TomcatWebServer - Tomcat started on port 8080 (http) with context path '/'
11:48:38.7820 [main] INFO  c.g.G.GreetingAppApplication - Started GreetingAppApplication in 1.94 seconds (process running for 2.272)
11:48:44.5990 [http-nio-8080-exec-2] INFO  o.a.c.c.C.[Tomcat].[localhost].[/] - Initializing Spring DispatcherServlet 'dispatcherServlet'
11:48:44.6000 [http-nio-8080-exec-2] INFO  o.s.web.servlet.DispatcherServlet - Initializing Servlet 'dispatcherServlet'
11:48:44.6030 [http-nio-8080-exec-2] INFO  o.s.web.servlet.DispatcherServlet - Completed initialization in 2 ms
11:48:44.6260 [http-nio-8080-exec-2] INFO  c.g.G.c.GreetingMessageController - Get the list of all the messages
11:48:48.6700 [http-nio-8080-exec-3] INFO  c.g.G.c.GreetingMessageController - Saving the request for greeting message : null
11:48:59.9680 [http-nio-8080-exec-4] INFO  c.g.G.c.GreetingMessageController - Modify the existing message : 1 
11:49:10.0490 [http-nio-8080-exec-5] WARN  o.s.w.s.m.s.DefaultHandlerExceptionResolver - Resolved [org.springframework.web.HttpRequestMethodNotSupportedException: Request method 'PUT' is not supported]
11:49:14.6850 [http-nio-8080-exec-6] INFO  c.g.G.c.GreetingMessageController - Get the list of all the messages
11:55:44.4760 [SpringApplicationShutdownHook] INFO  o.s.b.w.e.tomcat.GracefulShutdown - Commencing graceful shutdown. Waiting for active requests to complete
11:55:44.4870 [tomcat-shutdown] INFO  o.s.b.w.e.tomcat.GracefulShutdown - Graceful shutdown complete
11:55:44.4930 [SpringApplicationShutdownHook] INFO  o.s.o.j.LocalContainerEntityManagerFactoryBean - Closing JPA EntityManagerFactory for persistence unit 'default'
11:55:44.5010 [SpringApplicationShutdownHook] INFO  com.zaxxer.hikari.HikariDataSource - HikariPool-1 - Shutdown initiated...
11:55:44.5040 [SpringApplicationShutdownHook] INFO  com.zaxxer.hikari.HikariDataSource - HikariPool-1 - Shutdown completed.
11:56:09.3270 [main] INFO  c.g.G.GreetingAppApplication - Starting GreetingAppApplication using Java 23.0.2 with PID 39622 (/Users/princeraj/Desktop/Capgemini-Training/GreetingApp/target/classes started by princeraj in /Users/princeraj/Desktop/Capgemini-Training/GreetingApp)
11:56:09.3280 [main] INFO  c.g.G.GreetingAppApplication - No active profile set, falling back to 1 default profile: "default"
11:56:09.6600 [main] INFO  o.s.d.r.c.RepositoryConfigurationDelegate - Bootstrapping Spring Data JPA repositories in DEFAULT mode.
11:56:09.6860 [main] INFO  o.s.d.r.c.RepositoryConfigurationDelegate - Finished Spring Data repository scanning in 22 ms. Found 1 JPA repository interface.
11:56:09.9290 [main] INFO  o.s.b.w.e.tomcat.TomcatWebServer - Tomcat initialized with port 8080 (http)
11:56:09.9370 [main] INFO  o.a.coyote.http11.Http11NioProtocol - Initializing ProtocolHandler ["http-nio-8080"]
11:56:09.9380 [main] INFO  o.a.catalina.core.StandardService - Starting service [Tomcat]
11:56:09.9380 [main] INFO  o.a.catalina.core.StandardEngine - Starting Servlet engine: [Apache Tomcat/10.1.36]
11:56:09.9620 [main] INFO  o.a.c.c.C.[Tomcat].[localhost].[/] - Initializing Spring embedded WebApplicationContext
11:56:09.9630 [main] INFO  o.s.b.w.s.c.ServletWebServerApplicationContext - Root WebApplicationContext: initialization completed in 606 ms
11:56:10.0140 [main] INFO  com.zaxxer.hikari.HikariDataSource - HikariPool-1 - Starting...
11:56:10.0940 [main] INFO  com.zaxxer.hikari.pool.HikariPool - HikariPool-1 - Added connection conn0: url=jdbc:h2:mem:66d6dc6b-513c-45ff-86dc-e78bf14d0bce user=SA
11:56:10.0950 [main] INFO  com.zaxxer.hikari.HikariDataSource - HikariPool-1 - Start completed.
11:56:10.1320 [main] INFO  o.h.jpa.internal.util.LogHelper - HHH000204: Processing PersistenceUnitInfo [name: default]
11:56:10.1630 [main] INFO  org.hibernate.Version - HHH000412: Hibernate ORM core version 6.6.8.Final
11:56:10.1810 [main] INFO  o.h.c.i.RegionFactoryInitiator - HHH000026: Second-level cache disabled
11:56:10.3130 [main] INFO  o.s.o.j.p.SpringPersistenceUnitInfo - No LoadTimeWeaver setup: ignoring JPA class transformer
11:56:10.3580 [main] INFO  o.hibernate.orm.connections.pooling - HHH10001005: Database info:
	Database JDBC URL [Connecting through datasource 'HikariDataSource (HikariPool-1)']
	Database driver: undefined/unknown
	Database version: 2.3.232
	Autocommit mode: undefined/unknown
	Isolation level: undefined/unknown
	Minimum pool size: undefined/unknown
	Maximum pool size: undefined/unknown
11:56:10.7270 [main] INFO  o.h.e.t.j.p.i.JtaPlatformInitiator - HHH000489: No JTA platform available (set 'hibernate.transaction.jta.platform' to enable JTA platform integration)
11:56:10.7390 [main] INFO  o.s.o.j.LocalContainerEntityManagerFactoryBean - Initialized JPA EntityManagerFactory for persistence unit 'default'
11:56:10.8720 [main] WARN  o.s.b.a.o.j.JpaBaseConfiguration$JpaWebConfiguration - spring.jpa.open-in-view is enabled by default. Therefore, database queries may be performed during view rendering. Explicitly configure spring.jpa.open-in-view to disable this warning
11:56:11.0240 [main] INFO  o.a.coyote.http11.Http11NioProtocol - Starting ProtocolHandler ["http-nio-8080"]
11:56:11.0340 [main] INFO  o.s.b.w.e.tomcat.TomcatWebServer - Tomcat started on port 8080 (http) with context path '/'
11:56:11.0390 [main] INFO  c.g.G.GreetingAppApplication - Started GreetingAppApplication in 1.926 seconds (process running for 2.236)
11:56:19.7520 [http-nio-8080-exec-1] INFO  o.a.c.c.C.[Tomcat].[localhost].[/] - Initializing Spring DispatcherServlet 'dispatcherServlet'
11:56:19.7540 [http-nio-8080-exec-1] INFO  o.s.web.servlet.DispatcherServlet - Initializing Servlet 'dispatcherServlet'
11:56:19.7570 [http-nio-8080-exec-1] INFO  o.s.web.servlet.DispatcherServlet - Completed initialization in 3 ms
11:56:19.7830 [http-nio-8080-exec-1] INFO  c.g.G.c.GreetingMessageController - Get the list of all the messages
11:56:23.5850 [http-nio-8080-exec-3] INFO  c.g.G.c.GreetingMessageController - Saving the request for greeting message : null
11:56:35.4720 [http-nio-8080-exec-4] WARN  o.s.w.s.m.s.DefaultHandlerExceptionResolver - Resolved [org.springframework.web.method.annotation.MethodArgumentTypeMismatchException: Method parameter 'id': Failed to convert value of type 'java.lang.String' to required type 'java.lang.Integer'; For input string: "id"]
11:57:15.5580 [http-nio-8080-exec-6] INFO  c.g.G.c.GreetingMessageController - Modify the existing message : 1 
11:59:13.4840 [SpringApplicationShutdownHook] INFO  o.s.b.w.e.tomcat.GracefulShutdown - Commencing graceful shutdown. Waiting for active requests to complete
11:59:13.5000 [tomcat-shutdown] INFO  o.s.b.w.e.tomcat.GracefulShutdown - Graceful shutdown complete
11:59:13.5060 [SpringApplicationShutdownHook] INFO  o.s.o.j.LocalContainerEntityManagerFactoryBean - Closing JPA EntityManagerFactory for persistence unit 'default'
11:59:13.5150 [SpringApplicationShutdownHook] INFO  com.zaxxer.hikari.HikariDataSource - HikariPool-1 - Shutdown initiated...
11:59:13.5170 [SpringApplicationShutdownHook] INFO  com.zaxxer.hikari.HikariDataSource - HikariPool-1 - Shutdown completed.
12:02:56.4680 [main] INFO  c.g.G.GreetingAppApplication - Starting GreetingAppApplication using Java 23.0.2 with PID 39821 (/Users/princeraj/Desktop/Capgemini-Training/GreetingApp/target/classes started by princeraj in /Users/princeraj/Desktop/Capgemini-Training/GreetingApp)
12:02:56.4710 [main] INFO  c.g.G.GreetingAppApplication - No active profile set, falling back to 1 default profile: "default"
12:02:56.8010 [main] INFO  o.s.d.r.c.RepositoryConfigurationDelegate - Bootstrapping Spring Data JPA repositories in DEFAULT mode.
12:02:56.8260 [main] INFO  o.s.d.r.c.RepositoryConfigurationDelegate - Finished Spring Data repository scanning in 20 ms. Found 1 JPA repository interface.
12:02:57.0660 [main] INFO  o.s.b.w.e.tomcat.TomcatWebServer - Tomcat initialized with port 8080 (http)
12:02:57.0730 [main] INFO  o.a.coyote.http11.Http11NioProtocol - Initializing ProtocolHandler ["http-nio-8080"]
12:02:57.0740 [main] INFO  o.a.catalina.core.StandardService - Starting service [Tomcat]
12:02:57.0740 [main] INFO  o.a.catalina.core.StandardEngine - Starting Servlet engine: [Apache Tomcat/10.1.36]
12:02:57.1020 [main] INFO  o.a.c.c.C.[Tomcat].[localhost].[/] - Initializing Spring embedded WebApplicationContext
12:02:57.1030 [main] INFO  o.s.b.w.s.c.ServletWebServerApplicationContext - Root WebApplicationContext: initialization completed in 601 ms
12:02:57.1550 [main] INFO  com.zaxxer.hikari.HikariDataSource - HikariPool-1 - Starting...
12:02:57.2380 [main] INFO  com.zaxxer.hikari.pool.HikariPool - HikariPool-1 - Added connection conn0: url=jdbc:h2:mem:aaf838ef-4491-4638-adb9-a39ae02d9c67 user=SA
12:02:57.2380 [main] INFO  com.zaxxer.hikari.HikariDataSource - HikariPool-1 - Start completed.
12:02:57.2780 [main] INFO  o.h.jpa.internal.util.LogHelper - HHH000204: Processing PersistenceUnitInfo [name: default]
12:02:57.3090 [main] INFO  org.hibernate.Version - HHH000412: Hibernate ORM core version 6.6.8.Final
12:02:57.3280 [main] INFO  o.h.c.i.RegionFactoryInitiator - HHH000026: Second-level cache disabled
12:02:57.4600 [main] INFO  o.s.o.j.p.SpringPersistenceUnitInfo - No LoadTimeWeaver setup: ignoring JPA class transformer
12:02:57.4980 [main] INFO  o.hibernate.orm.connections.pooling - HHH10001005: Database info:
	Database JDBC URL [Connecting through datasource 'HikariDataSource (HikariPool-1)']
	Database driver: undefined/unknown
	Database version: 2.3.232
	Autocommit mode: undefined/unknown
	Isolation level: undefined/unknown
	Minimum pool size: undefined/unknown
	Maximum pool size: undefined/unknown
12:02:57.8590 [main] INFO  o.h.e.t.j.p.i.JtaPlatformInitiator - HHH000489: No JTA platform available (set 'hibernate.transaction.jta.platform' to enable JTA platform integration)
12:02:57.8700 [main] INFO  o.s.o.j.LocalContainerEntityManagerFactoryBean - Initialized JPA EntityManagerFactory for persistence unit 'default'
12:02:57.9990 [main] WARN  o.s.b.a.o.j.JpaBaseConfiguration$JpaWebConfiguration - spring.jpa.open-in-view is enabled by default. Therefore, database queries may be performed during view rendering. Explicitly configure spring.jpa.open-in-view to disable this warning
12:02:58.1470 [main] INFO  o.a.coyote.http11.Http11NioProtocol - Starting ProtocolHandler ["http-nio-8080"]
12:02:58.1570 [main] INFO  o.s.b.w.e.tomcat.TomcatWebServer - Tomcat started on port 8080 (http) with context path '/'
12:02:58.1620 [main] INFO  c.g.G.GreetingAppApplication - Started GreetingAppApplication in 1.912 seconds (process running for 2.229)
12:03:07.7170 [http-nio-8080-exec-1] INFO  o.a.c.c.C.[Tomcat].[localhost].[/] - Initializing Spring DispatcherServlet 'dispatcherServlet'
12:03:07.7180 [http-nio-8080-exec-1] INFO  o.s.web.servlet.DispatcherServlet - Initializing Servlet 'dispatcherServlet'
12:03:07.7250 [http-nio-8080-exec-1] INFO  o.s.web.servlet.DispatcherServlet - Completed initialization in 7 ms
12:03:07.7400 [http-nio-8080-exec-1] WARN  o.s.w.s.m.s.DefaultHandlerExceptionResolver - Resolved [org.springframework.web.HttpRequestMethodNotSupportedException: Request method 'PUT' is not supported]
12:03:11.6080 [http-nio-8080-exec-3] INFO  c.g.G.c.GreetingMessageController - Saving the request for greeting message : null
12:03:17.2570 [http-nio-8080-exec-4] INFO  c.g.G.c.GreetingMessageController - Saving the request for greeting message : null
12:03:21.4590 [http-nio-8080-exec-5] INFO  c.g.G.c.GreetingMessageController - Get the list of all the messages
12:03:26.9650 [http-nio-8080-exec-6] WARN  o.s.w.s.m.s.DefaultHandlerExceptionResolver - Resolved [org.springframework.web.method.annotation.MethodArgumentTypeMismatchException: Method parameter 'id': Failed to convert value of type 'java.lang.String' to required type 'java.lang.Integer'; For input string: "id"]
12:03:36.4530 [http-nio-8080-exec-7] INFO  c.g.G.c.GreetingMessageController - Delete the message : 2 
12:04:02.2840 [SpringApplicationShutdownHook] INFO  o.s.b.w.e.tomcat.GracefulShutdown - Commencing graceful shutdown. Waiting for active requests to complete
12:04:02.2950 [tomcat-shutdown] INFO  o.s.b.w.e.tomcat.GracefulShutdown - Graceful shutdown complete
12:04:02.2990 [SpringApplicationShutdownHook] INFO  o.s.o.j.LocalContainerEntityManagerFactoryBean - Closing JPA EntityManagerFactory for persistence unit 'default'
12:04:02.3110 [SpringApplicationShutdownHook] INFO  com.zaxxer.hikari.HikariDataSource - HikariPool-1 - Shutdown initiated...
12:04:02.3130 [SpringApplicationShutdownHook] INFO  com.zaxxer.hikari.HikariDataSource - HikariPool-1 - Shutdown completed.
12:04:04.5130 [main] INFO  c.g.G.GreetingAppApplication - Starting GreetingAppApplication using Java 23.0.2 with PID 39883 (/Users/princeraj/Desktop/Capgemini-Training/GreetingApp/target/classes started by princeraj in /Users/princeraj/Desktop/Capgemini-Training/GreetingApp)
12:04:04.5140 [main] INFO  c.g.G.GreetingAppApplication - No active profile set, falling back to 1 default profile: "default"
12:04:04.8560 [main] INFO  o.s.d.r.c.RepositoryConfigurationDelegate - Bootstrapping Spring Data JPA repositories in DEFAULT mode.
12:04:04.8820 [main] INFO  o.s.d.r.c.RepositoryConfigurationDelegate - Finished Spring Data repository scanning in 21 ms. Found 1 JPA repository interface.
12:04:05.1250 [main] INFO  o.s.b.w.e.tomcat.TomcatWebServer - Tomcat initialized with port 8080 (http)
12:04:05.1320 [main] INFO  o.a.coyote.http11.Http11NioProtocol - Initializing ProtocolHandler ["http-nio-8080"]
12:04:05.1340 [main] INFO  o.a.catalina.core.StandardService - Starting service [Tomcat]
12:04:05.1340 [main] INFO  o.a.catalina.core.StandardEngine - Starting Servlet engine: [Apache Tomcat/10.1.36]
12:04:05.1620 [main] INFO  o.a.c.c.C.[Tomcat].[localhost].[/] - Initializing Spring embedded WebApplicationContext
12:04:05.1630 [main] INFO  o.s.b.w.s.c.ServletWebServerApplicationContext - Root WebApplicationContext: initialization completed in 609 ms
12:04:05.2160 [main] INFO  com.zaxxer.hikari.HikariDataSource - HikariPool-1 - Starting...
12:04:05.2990 [main] INFO  com.zaxxer.hikari.pool.HikariPool - HikariPool-1 - Added connection conn0: url=jdbc:h2:mem:67789d7a-463a-4342-8544-11100ae97346 user=SA
12:04:05.3000 [main] INFO  com.zaxxer.hikari.HikariDataSource - HikariPool-1 - Start completed.
12:04:05.3420 [main] INFO  o.h.jpa.internal.util.LogHelper - HHH000204: Processing PersistenceUnitInfo [name: default]
12:04:05.3730 [main] INFO  org.hibernate.Version - HHH000412: Hibernate ORM core version 6.6.8.Final
12:04:05.3930 [main] INFO  o.h.c.i.RegionFactoryInitiator - HHH000026: Second-level cache disabled
12:04:05.5420 [main] INFO  o.s.o.j.p.SpringPersistenceUnitInfo - No LoadTimeWeaver setup: ignoring JPA class transformer
12:04:05.5880 [main] INFO  o.hibernate.orm.connections.pooling - HHH10001005: Database info:
	Database JDBC URL [Connecting through datasource 'HikariDataSource (HikariPool-1)']
	Database driver: undefined/unknown
	Database version: 2.3.232
	Autocommit mode: undefined/unknown
	Isolation level: undefined/unknown
	Minimum pool size: undefined/unknown
	Maximum pool size: undefined/unknown
12:04:05.9580 [main] INFO  o.h.e.t.j.p.i.JtaPlatformInitiator - HHH000489: No JTA platform available (set 'hibernate.transaction.jta.platform' to enable JTA platform integration)
12:04:05.9700 [main] INFO  o.s.o.j.LocalContainerEntityManagerFactoryBean - Initialized JPA EntityManagerFactory for persistence unit 'default'
12:04:06.1900 [main] WARN  o.s.b.a.o.j.JpaBaseConfiguration$JpaWebConfiguration - spring.jpa.open-in-view is enabled by default. Therefore, database queries may be performed during view rendering. Explicitly configure spring.jpa.open-in-view to disable this warning
12:04:06.3390 [main] INFO  o.a.coyote.http11.Http11NioProtocol - Starting ProtocolHandler ["http-nio-8080"]
12:04:06.3490 [main] INFO  o.s.b.w.e.tomcat.TomcatWebServer - Tomcat started on port 8080 (http) with context path '/'
12:04:06.3540 [main] INFO  c.g.G.GreetingAppApplication - Started GreetingAppApplication in 2.05 seconds (process running for 2.361)
12:04:12.9960 [http-nio-8080-exec-1] INFO  o.a.c.c.C.[Tomcat].[localhost].[/] - Initializing Spring DispatcherServlet 'dispatcherServlet'
12:04:12.9960 [http-nio-8080-exec-1] INFO  o.s.web.servlet.DispatcherServlet - Initializing Servlet 'dispatcherServlet'
12:04:12.9990 [http-nio-8080-exec-1] INFO  o.s.web.servlet.DispatcherServlet - Completed initialization in 3 ms
12:04:13.0760 [http-nio-8080-exec-1] INFO  c.g.G.c.GreetingMessageController - Saving the request for greeting message : null
12:04:16.7560 [http-nio-8080-exec-3] INFO  c.g.G.c.GreetingMessageController - Get the list of all the messages
12:04:22.1120 [http-nio-8080-exec-4] INFO  c.g.G.c.GreetingMessageController - Delete the message : 1 
12:04:27.5110 [http-nio-8080-exec-5] INFO  c.g.G.c.GreetingMessageController - Get the list of all the messages
